<?xml version="1.0" encoding="UTF-8"?>
<!-- Generated by org.testng.reporters.JUnitReportReporter -->
<testsuite name="com.qa.testcases.AmazonMainPageTest" tests="3" time="61.525" ignored="0" failures="0" timestamp="30 Oct 2019 15:36:00 GMT" skipped="0" hostname="Rohit_Sharma_Laptop" errors="0">
  <testcase name="t002_searchProduct" time="4.945" classname="com.qa.testcases.AmazonMainPageTest"/>
  <testcase name="t003_addProductToCart" time="56.531" classname="com.qa.testcases.AmazonMainPageTest"/>
  <testcase name="t001_verifyUserIsOnHomePage" time="0.049" classname="com.qa.testcases.AmazonMainPageTest"/>
</testsuite> <!-- com.qa.testcases.AmazonMainPageTest -->
