<?xml version="1.0" encoding="UTF-8"?>
<!-- Generated by org.testng.reporters.JUnitReportReporter -->
<testsuite name="com.qa.testcases.AmazonAddToCartTest" tests="3" time="85.182" ignored="0" failures="0" timestamp="30 Oct 2019 17:11:08 GMT" skipped="0" hostname="Rohit_Sharma_Laptop" errors="0">
  <testcase name="t001_verifyUserIsOnHomePage" time="0.011" classname="com.qa.testcases.AmazonAddToCartTest"/>
  <testcase name="t002_searchProduct" time="11.703" classname="com.qa.testcases.AmazonAddToCartTest"/>
  <testcase name="t003_addProductToCart" time="73.468" classname="com.qa.testcases.AmazonAddToCartTest"/>
</testsuite> <!-- com.qa.testcases.AmazonAddToCartTest -->
